CRITICAL - 2025-05-20 19:14:16 --> CodeIgniter\View\Exceptions\ViewException: Invalid file: "productos/index.php"
[Method: GET, Route: productos]
in SYSTEMPATH\Exceptions\FrameworkException.php on line 39.
 1 SYSTEMPATH\View\View.php(212): CodeIgniter\Exceptions\FrameworkException::forInvalidFile('productos/index.php')
 2 SYSTEMPATH\Common.php(1173): CodeIgniter\View\View->render('productos/index', [], true)
 3 APPPATH\Controllers\productoController.php(14): view('productos/index', [...])
 4 SYSTEMPATH\CodeIgniter.php(933): App\Controllers\ProductoController->index()
 5 SYSTEMPATH\CodeIgniter.php(507): CodeIgniter\CodeIgniter->runController(Object(App\Controllers\ProductoController))
 6 SYSTEMPATH\CodeIgniter.php(354): CodeIgniter\CodeIgniter->handleRequest(null, Object(Config\Cache), false)
 7 SYSTEMPATH\Boot.php(334): CodeIgniter\CodeIgniter->run()
 8 SYSTEMPATH\Boot.php(67): CodeIgniter\Boot::runCodeIgniter(Object(CodeIgniter\CodeIgniter))
 9 FCPATH\index.php(56): CodeIgniter\Boot::bootWeb(Object(Config\Paths))
CRITICAL - 2025-05-20 19:18:35 --> CodeIgniter\View\Exceptions\ViewException: Invalid file: "productos/listarProductos.php"
[Method: GET, Route: productos]
in SYSTEMPATH\Exceptions\FrameworkException.php on line 39.
 1 SYSTEMPATH\View\View.php(212): CodeIgniter\Exceptions\FrameworkException::forInvalidFile('productos/listarProductos.php')
 2 SYSTEMPATH\Common.php(1173): CodeIgniter\View\View->render('productos/listarProductos', [], true)
 3 APPPATH\Controllers\productoController.php(14): view('productos/listarProductos', [...])
 4 SYSTEMPATH\CodeIgniter.php(933): App\Controllers\ProductoController->index()
 5 SYSTEMPATH\CodeIgniter.php(507): CodeIgniter\CodeIgniter->runController(Object(App\Controllers\ProductoController))
 6 SYSTEMPATH\CodeIgniter.php(354): CodeIgniter\CodeIgniter->handleRequest(null, Object(Config\Cache), false)
 7 SYSTEMPATH\Boot.php(334): CodeIgniter\CodeIgniter->run()
 8 SYSTEMPATH\Boot.php(67): CodeIgniter\Boot::runCodeIgniter(Object(CodeIgniter\CodeIgniter))
 9 FCPATH\index.php(56): CodeIgniter\Boot::bootWeb(Object(Config\Paths))
CRITICAL - 2025-05-20 19:18:39 --> CodeIgniter\View\Exceptions\ViewException: Invalid file: "productos/listarProductos.php"
[Method: GET, Route: productos]
in SYSTEMPATH\Exceptions\FrameworkException.php on line 39.
 1 SYSTEMPATH\View\View.php(212): CodeIgniter\Exceptions\FrameworkException::forInvalidFile('productos/listarProductos.php')
 2 SYSTEMPATH\Common.php(1173): CodeIgniter\View\View->render('productos/listarProductos', [], true)
 3 APPPATH\Controllers\productoController.php(14): view('productos/listarProductos', [...])
 4 SYSTEMPATH\CodeIgniter.php(933): App\Controllers\ProductoController->index()
 5 SYSTEMPATH\CodeIgniter.php(507): CodeIgniter\CodeIgniter->runController(Object(App\Controllers\ProductoController))
 6 SYSTEMPATH\CodeIgniter.php(354): CodeIgniter\CodeIgniter->handleRequest(null, Object(Config\Cache), false)
 7 SYSTEMPATH\Boot.php(334): CodeIgniter\CodeIgniter->run()
 8 SYSTEMPATH\Boot.php(67): CodeIgniter\Boot::runCodeIgniter(Object(CodeIgniter\CodeIgniter))
 9 FCPATH\index.php(56): CodeIgniter\Boot::bootWeb(Object(Config\Paths))
CRITICAL - 2025-05-20 20:47:38 --> ParseError: syntax error, unexpected token "?"
[Method: GET, Route: productos]
in APPPATH\Views\productos\listar.php on line 14.
 1 SYSTEMPATH\View\View.php(227): CodeIgniter\View\View->CodeIgniter\View\{closure}()
 2 SYSTEMPATH\Common.php(1173): CodeIgniter\View\View->render('productos/listar', [], true)
 3 APPPATH\Controllers\productoController.php(14): view('productos/listar', [...])
 4 SYSTEMPATH\CodeIgniter.php(933): App\Controllers\ProductoController->index()
 5 SYSTEMPATH\CodeIgniter.php(507): CodeIgniter\CodeIgniter->runController(Object(App\Controllers\ProductoController))
 6 SYSTEMPATH\CodeIgniter.php(354): CodeIgniter\CodeIgniter->handleRequest(null, Object(Config\Cache), false)
 7 SYSTEMPATH\Boot.php(334): CodeIgniter\CodeIgniter->run()
 8 SYSTEMPATH\Boot.php(67): CodeIgniter\Boot::runCodeIgniter(Object(CodeIgniter\CodeIgniter))
 9 FCPATH\index.php(56): CodeIgniter\Boot::bootWeb(Object(Config\Paths))
